<?xml version="1.0" encoding="UTF-8"?>
<!-- Generated by org.testng.reporters.JUnitReportReporter -->
<testsuite skipped="0" hostname="DESKTOP-GBCMBMU" name="com.escape.testcases.AddCustomer" tests="1" failures="0" timestamp="2020-08-27T06:08:11 IST" time="8.619" errors="0">
  <testcase name="addCustomer002" time="8.619" classname="com.escape.testcases.AddCustomer"/>
  <system-out/>
</testsuite> <!-- com.escape.testcases.AddCustomer -->
