<?xml version="1.0" encoding="UTF-8"?>
<!-- Generated by org.testng.reporters.JUnitReportReporter -->
<testsuite skipped="0" hostname="DESKTOP-GBCMBMU" name="com.escape.testcases.LoginTest" tests="1" failures="0" timestamp="2020-08-27T06:08:11 IST" time="5.360" errors="0">
  <testcase name="loginTestCase" time="5.360" classname="com.escape.testcases.LoginTest"/>
  <system-out/>
</testsuite> <!-- com.escape.testcases.LoginTest -->
